<beans xmlns="http://www.springframework.org/schema/beans"
	xmlns:util="http://www.springframework.org/schema/util"
	xmlns:xsi="http://www.w3.org/2001/XMLSchema-instance"
	xmlns:context="http://www.springframework.org/schema/context"
	xmlns:tx="http://www.springframework.org/schema/tx"
	xsi:schemaLocation="
	http://www.springframework.org/schema/beans 
	http://www.springframework.org/schema/beans/spring-beans.xsd
	http://www.springframework.org/schema/context
	http://www.springframework.org/schema/context/spring-context-2.5.xsd
	http://www.springframework.org/schema/tx 
	http://www.springframework.org/schema/tx/spring-tx.xsd
	http://www.springframework.org/schema/util
	http://www.springframework.org/schema/util/spring-util-2.0.xsd">
	
	<bean
		class="org.springframework.beans.factory.config.PropertyPlaceholderConfigurer">
		<property name="location">
			<value>da/properties/database.properties
			</value>
		</property>
	</bean>

	<!-- bean id="dataSource" class="org.springframework.jdbc.datasource.DriverManagerDataSource"-->
	<bean id="dataSource" class="org.apache.commons.dbcp.BasicDataSource">
		<property name="driverClassName" value="${jdbc.driverClassName}" />
		<property name="url" value="${jdbc.url}" />
	</bean>


	<!-- Hibernate session factory -->
	<!-- bean id="sessionFactory" class="org.springframework.orm.hibernate3.LocalSessionFactoryBean" -->
	<bean id="sessionFactory" class="com.googlecode.qlink.hibernate.da.AnnotationSessionFactoryBean">

		<property name="dataSource" ref="dataSource" />

		<property name="hibernateProperties">
			<props>
				<prop key="hibernate.dialect">org.hibernate.dialect.H2Dialect</prop>
				<prop key="hibernate.show_sql">true</prop>
			</props>
		</property>


		<property name="annotatedClasses" value="${hibernate.annotatedClasses}" />
		<!-- property name="packagesToScan" value="${hibernate.packagesToScan}"/-->

		<property name="schemaUpdate" value="true" />

		<property name="configurationClass">
			<value>org.hibernate.cfg.AnnotationConfiguration</value>
		</property>

	</bean>
	
	<tx:annotation-driven transaction-manager="transaction-manager" />

	<bean id="transactionManager" class="org.springframework.orm.hibernate3.HibernateTransactionManager">
		<property name="sessionFactory" ref="sessionFactory" />
	</bean>

	
	<bean id="hibernateTemplate" class="org.springframework.orm.hibernate3.HibernateTemplate">
		<property name="sessionFactory" ref="sessionFactory"/>
		<!-- property name="transactionManager" ref="transactionManager"/-->
	</bean>
	
	<bean id="hibernate-factory" class="com.googlecode.qlink.hibernate.factory.HibernateFactory"/>
	
</beans>